<?xml version="1.0" encoding="UTF-8"?>
<testsuite xmlns:xsi="http://www.w3.org/2001/XMLSchema-instance" xsi:noNamespaceSchemaLocation="https://maven.apache.org/surefire/maven-surefire-plugin/xsd/surefire-test-report-3.0.xsd" version="3.0" name="com.example.inventory.InventoryManagementApplicationTests" time="4.911" tests="1" errors="0" skipped="0" failures="0">
  <properties>
[...]
</properties>
  <testcase name="contextLoads" classname="com.example.inventory.InventoryManagementApplicationTests" time="0.521">
    <system-out><![CDATA[16:15:05.253 [main] INFO org.springframework.test.context.support.AnnotationConfigContextLoaderUtils -- Could not detect default configuration classes for test class [com.example.inventory.InventoryManagementApplicationTests]: InventoryManagementApplicationTests does not declare any static, non-private, non-final, nested classes annotated with @Configuration.
16:15:05.349 [main] INFO org.springframework.boot.test.context.SpringBootTestContextBootstrapper -- Found @SpringBootConfiguration com.example.inventory.InventoryManagementApplication for test class com.example.inventory.InventoryManagementApplicationTests
16:15:05.529 [main] INFO org.springframework.boot.devtools.restart.RestartApplicationListener -- Restart disabled due to context in which it is running

  .   ____          _            __ _ _
 /\\ / ___'_ __ _ _(_)_ __  __ _ \ \ \ \
( ( )\___ | '_ | '_| | '_ \/ _` | \ \ \ \
 \\/  ___)| |_)| | | | | || (_| |  ) ) ) )
  '  |____| .__|_| |_|_| |_\__, | / / / /
 =========|_|==============|___/=/_/_/_/

 :: Spring Boot ::                (v3.3.3)

2024-09-07T16:15:05.805+05:30  INFO 30052 --- [Inventory_Management] [           main] .e.i.InventoryManagementApplicationTests : Starting InventoryManagementApplicationTests using Java 21.0.4 with PID 30052 (started by RajesH in C:\Users\RajesH\Git-repos\Capstone_project)
2024-09-07T16:15:05.805+05:30  INFO 30052 --- [Inventory_Management] [           main] .e.i.InventoryManagementApplicationTests : No active profile set, falling back to 1 default profile: "default"
2024-09-07T16:15:06.524+05:30  INFO 30052 --- [Inventory_Management] [           main] .s.d.r.c.RepositoryConfigurationDelegate : Bootstrapping Spring Data JPA repositories in DEFAULT mode.
2024-09-07T16:15:06.579+05:30  INFO 30052 --- [Inventory_Management] [           main] .s.d.r.c.RepositoryConfigurationDelegate : Finished Spring Data repository scanning in 52 ms. Found 2 JPA repository interfaces.
2024-09-07T16:15:06.968+05:30  INFO 30052 --- [Inventory_Management] [           main] com.zaxxer.hikari.HikariDataSource       : HikariPool-1 - Starting...
2024-09-07T16:15:07.174+05:30  INFO 30052 --- [Inventory_Management] [           main] com.zaxxer.hikari.pool.HikariPool        : HikariPool-1 - Added connection conn0: url=jdbc:h2:mem:testdb user=INVENTORY
2024-09-07T16:15:07.174+05:30  INFO 30052 --- [Inventory_Management] [           main] com.zaxxer.hikari.HikariDataSource       : HikariPool-1 - Start completed.
2024-09-07T16:15:07.327+05:30  INFO 30052 --- [Inventory_Management] [           main] o.hibernate.jpa.internal.util.LogHelper  : HHH000204: Processing PersistenceUnitInfo [name: default]
2024-09-07T16:15:07.397+05:30  INFO 30052 --- [Inventory_Management] [           main] org.hibernate.Version                    : HHH000412: Hibernate ORM core version 6.2.1.Final
2024-09-07T16:15:07.397+05:30  INFO 30052 --- [Inventory_Management] [           main] org.hibernate.cfg.Environment            : HHH000406: Using bytecode reflection optimizer
2024-09-07T16:15:07.572+05:30  INFO 30052 --- [Inventory_Management] [           main] o.h.b.i.BytecodeProviderInitiator        : HHH000021: Bytecode provider name : bytebuddy
2024-09-07T16:15:07.712+05:30  INFO 30052 --- [Inventory_Management] [           main] o.s.o.j.p.SpringPersistenceUnitInfo      : No LoadTimeWeaver setup: ignoring JPA class transformer
2024-09-07T16:15:07.751+05:30  INFO 30052 --- [Inventory_Management] [           main] SQL dialect                              : HHH000400: Using dialect: org.hibernate.dialect.H2Dialect, version: 2.2.224
2024-09-07T16:15:07.948+05:30  INFO 30052 --- [Inventory_Management] [           main] o.h.b.i.BytecodeProviderInitiator        : HHH000021: Bytecode provider name : bytebuddy
2024-09-07T16:15:08.501+05:30  INFO 30052 --- [Inventory_Management] [           main] o.h.e.t.j.p.i.JtaPlatformInitiator       : HHH000490: Using JtaPlatform implementation: [org.hibernate.engine.transaction.jta.platform.internal.NoJtaPlatform]
2024-09-07T16:15:08.518+05:30  INFO 30052 --- [Inventory_Management] [           main] o.h.t.s.i.e.GenerationTargetToDatabase   : HHH000476: Executing script '[injected ScriptSourceInputNonExistentImpl script]'
2024-09-07T16:15:08.529+05:30  INFO 30052 --- [Inventory_Management] [           main] j.LocalContainerEntityManagerFactoryBean : Initialized JPA EntityManagerFactory for persistence unit 'default'
2024-09-07T16:15:09.001+05:30  WARN 30052 --- [Inventory_Management] [           main] JpaBaseConfiguration$JpaWebConfiguration : spring.jpa.open-in-view is enabled by default. Therefore, database queries may be performed during view rendering. Explicitly configure spring.jpa.open-in-view to disable this warning
2024-09-07T16:15:09.347+05:30  INFO 30052 --- [Inventory_Management] [           main] o.s.b.a.h2.H2ConsoleAutoConfiguration    : H2 console available at '/h2-console'. Database available at 'jdbc:h2:mem:testdb'
2024-09-07T16:15:09.419+05:30  INFO 30052 --- [Inventory_Management] [           main] .e.i.InventoryManagementApplicationTests : Started InventoryManagementApplicationTests in 3.902 seconds (process running for 4.945)
]]></system-out>
    <system-err><![CDATA[WARNING: A Java agent has been loaded dynamically (C:\Users\RajesH\.m2\repository\net\bytebuddy\byte-buddy-agent\1.14.19\byte-buddy-agent-1.14.19.jar)
WARNING: If a serviceability tool is in use, please run with -XX:+EnableDynamicAgentLoading to hide this warning
WARNING: If a serviceability tool is not in use, please run with -Djdk.instrument.traceUsage for more information
WARNING: Dynamic loading of agents will be disallowed by default in a future release
]]></system-err>
  </testcase>
</testsuite>